<?xml version="1.0" encoding="UTF-8"?>
<!-- Generated by org.testng.reporters.JUnitReportReporter -->
<testsuite hostname="vivobook-asuslaptop-x512flc-x512fl" failures="0" tests="11" name="com.apollo2.atlaseditor.sanitytesting" time="140.261" errors="0" timestamp="2023-10-12T14:48:56 IST" skipped="0">
  <testcase classname="com.apollo2.atlaseditor.sanitytesting" name="login" time="23.400"/>
  <system-out/>
  <testcase classname="com.apollo2.atlaseditor.sanitytesting" name="sectionselect" time="10.675"/>
  <system-out/>
  <testcase classname="com.apollo2.atlaseditor.sanitytesting" name="atlaseditor" time="5.063"/>
  <system-out/>
  <testcase classname="com.apollo2.atlaseditor.sanitytesting" name="oldmenu" time="3.095"/>
  <system-out/>
  <testcase classname="com.apollo2.atlaseditor.sanitytesting" name="contributor" time="6.922"/>
  <system-out/>
  <testcase classname="com.apollo2.atlaseditor.sanitytesting" name="draw" time="3.052"/>
  <system-out/>
  <testcase classname="com.apollo2.atlaseditor.sanitytesting" name="annotation" time="17.954"/>
  <system-out/>
  <testcase classname="com.apollo2.atlaseditor.sanitytesting" name="save" time="2.965"/>
  <system-out/>
  <testcase classname="com.apollo2.atlaseditor.sanitytesting" name="back" time="7.977"/>
  <system-out/>
  <testcase classname="com.apollo2.atlaseditor.sanitytesting" name="retrive" time="34.112"/>
  <system-out/>
  <testcase classname="com.apollo2.atlaseditor.sanitytesting" name="delete" time="25.046"/>
  <system-out/>
</testsuite> <!-- com.apollo2.atlaseditor.sanitytesting -->
