<?xml version="1.0" encoding="UTF-8"?>
<!-- Generated by org.testng.reporters.JUnitReportReporter -->
<testsuite hostname="vivobook-asuslaptop-x512flc-x512fl" failures="0" tests="11" name="com.apollo2.atlaseditor.sanitytesting" time="142.736" errors="0" timestamp="2023-09-04T18:12:38 IST" skipped="0">
  <testcase classname="com.apollo2.atlaseditor.sanitytesting" name="login" time="23.198"/>
  <system-out/>
  <testcase classname="com.apollo2.atlaseditor.sanitytesting" name="sectionselect" time="10.433"/>
  <system-out/>
  <testcase classname="com.apollo2.atlaseditor.sanitytesting" name="atlaseditor" time="5.075"/>
  <system-out/>
  <testcase classname="com.apollo2.atlaseditor.sanitytesting" name="oldmenu" time="3.933"/>
  <system-out/>
  <testcase classname="com.apollo2.atlaseditor.sanitytesting" name="contributor" time="6.147"/>
  <system-out/>
  <testcase classname="com.apollo2.atlaseditor.sanitytesting" name="draw" time="3.825"/>
  <system-out/>
  <testcase classname="com.apollo2.atlaseditor.sanitytesting" name="annotation" time="20.997"/>
  <system-out/>
  <testcase classname="com.apollo2.atlaseditor.sanitytesting" name="save" time="6.010"/>
  <system-out/>
  <testcase classname="com.apollo2.atlaseditor.sanitytesting" name="back" time="9.560"/>
  <system-out/>
  <testcase classname="com.apollo2.atlaseditor.sanitytesting" name="retrive" time="29.522"/>
  <system-out/>
  <testcase classname="com.apollo2.atlaseditor.sanitytesting" name="delete" time="24.036"/>
  <system-out/>
</testsuite> <!-- com.apollo2.atlaseditor.sanitytesting -->
