<?xml version="1.0" encoding="UTF-8"?>
<!-- Generated by org.testng.reporters.JUnitReportReporter -->
<testsuite hostname="vivobook-asuslaptop-x512flc-x512fl" failures="0" tests="11" name="com.apollo2.atlaseditor.sanitytesting" time="129.489" errors="0" timestamp="2023-09-04T18:22:52 IST" skipped="0">
  <testcase classname="com.apollo2.atlaseditor.sanitytesting" name="login" time="23.072"/>
  <system-out/>
  <testcase classname="com.apollo2.atlaseditor.sanitytesting" name="sectionselect" time="9.746"/>
  <system-out/>
  <testcase classname="com.apollo2.atlaseditor.sanitytesting" name="atlaseditor" time="5.061"/>
  <system-out/>
  <testcase classname="com.apollo2.atlaseditor.sanitytesting" name="oldmenu" time="3.877"/>
  <system-out/>
  <testcase classname="com.apollo2.atlaseditor.sanitytesting" name="contributor" time="6.159"/>
  <system-out/>
  <testcase classname="com.apollo2.atlaseditor.sanitytesting" name="draw" time="3.057"/>
  <system-out/>
  <testcase classname="com.apollo2.atlaseditor.sanitytesting" name="annotation" time="15.981"/>
  <system-out/>
  <testcase classname="com.apollo2.atlaseditor.sanitytesting" name="save" time="2.667"/>
  <system-out/>
  <testcase classname="com.apollo2.atlaseditor.sanitytesting" name="back" time="6.642"/>
  <system-out/>
  <testcase classname="com.apollo2.atlaseditor.sanitytesting" name="retrive" time="28.696"/>
  <system-out/>
  <testcase classname="com.apollo2.atlaseditor.sanitytesting" name="delete" time="24.531"/>
  <system-out/>
</testsuite> <!-- com.apollo2.atlaseditor.sanitytesting -->
